[0m22:08:15.421322 [debug] [MainThread]: Sending event: {'category': 'dbt', 'action': 'invocation', 'label': 'start', 'context': [<snowplow_tracker.self_describing_json.SelfDescribingJson object at 0x105f48390>, <snowplow_tracker.self_describing_json.SelfDescribingJson object at 0x106b3cfd0>, <snowplow_tracker.self_describing_json.SelfDescribingJson object at 0x106b46c90>]}


============================== 22:08:15.424528 | fab8b9dd-026b-4c8d-a557-df09e6481ffc ==============================
[0m22:08:15.424528 [info ] [MainThread]: Running with dbt=1.8.2
[0m22:08:15.424886 [debug] [MainThread]: running dbt with arguments {'printer_width': '80', 'indirect_selection': 'eager', 'write_json': 'True', 'log_cache_events': 'False', 'partial_parse': 'True', 'cache_selected_only': 'False', 'warn_error': 'None', 'version_check': 'True', 'profiles_dir': './learn_dbt-main/', 'log_path': 'logs', 'fail_fast': 'False', 'debug': 'False', 'use_colors': 'True', 'use_experimental_parser': 'False', 'no_print': 'None', 'quiet': 'False', 'log_format': 'default', 'invocation_command': 'dbt debug --profiles-dir ./learn_dbt-main/', 'introspect': 'True', 'static_parser': 'True', 'target_path': 'None', 'warn_error_options': 'WarnErrorOptions(include=[], exclude=[])', 'send_anonymous_usage_stats': 'True'}
[0m22:08:15.434593 [info ] [MainThread]: dbt version: 1.8.2
[0m22:08:15.434906 [info ] [MainThread]: python version: 3.11.0
[0m22:08:15.435097 [info ] [MainThread]: python path: /Users/moladin/code/venv_ds/bin/python
[0m22:08:15.435262 [info ] [MainThread]: os info: macOS-14.5-arm64-arm-64bit
[0m22:08:16.033218 [info ] [MainThread]: Using profiles dir at ./learn_dbt-main/
[0m22:08:16.033642 [info ] [MainThread]: Using profiles.yml file at ./learn_dbt-main/profiles.yml
[0m22:08:16.033816 [info ] [MainThread]: Using dbt_project.yml file at /Users/moladin/Library/Mobile Documents/com~apple~CloudDocs/code/dbt/dbt_project.yml
[0m22:08:16.034161 [info ] [MainThread]: adapter type: postgres
[0m22:08:16.034355 [info ] [MainThread]: adapter version: 1.8.1
[0m22:08:16.034525 [info ] [MainThread]: Configuration:
[0m22:08:16.034674 [info ] [MainThread]:   profiles.yml file [[32mOK found and valid[0m]
[0m22:08:16.034819 [info ] [MainThread]:   dbt_project.yml file [[31mERROR not found[0m]
[0m22:08:16.034954 [info ] [MainThread]: Required dependencies:
[0m22:08:16.035138 [debug] [MainThread]: Executing "git --help"
[0m22:08:16.054413 [debug] [MainThread]: STDOUT: "b"usage: git [-v | --version] [-h | --help] [-C <path>] [-c <name>=<value>]\n           [--exec-path[=<path>]] [--html-path] [--man-path] [--info-path]\n           [-p | --paginate | -P | --no-pager] [--no-replace-objects] [--bare]\n           [--git-dir=<path>] [--work-tree=<path>] [--namespace=<name>]\n           [--super-prefix=<path>] [--config-env=<name>=<envvar>]\n           <command> [<args>]\n\nThese are common Git commands used in various situations:\n\nstart a working area (see also: git help tutorial)\n   clone     Clone a repository into a new directory\n   init      Create an empty Git repository or reinitialize an existing one\n\nwork on the current change (see also: git help everyday)\n   add       Add file contents to the index\n   mv        Move or rename a file, a directory, or a symlink\n   restore   Restore working tree files\n   rm        Remove files from the working tree and from the index\n\nexamine the history and state (see also: git help revisions)\n   bisect    Use binary search to find the commit that introduced a bug\n   diff      Show changes between commits, commit and working tree, etc\n   grep      Print lines matching a pattern\n   log       Show commit logs\n   show      Show various types of objects\n   status    Show the working tree status\n\ngrow, mark and tweak your common history\n   branch    List, create, or delete branches\n   commit    Record changes to the repository\n   merge     Join two or more development histories together\n   rebase    Reapply commits on top of another base tip\n   reset     Reset current HEAD to the specified state\n   switch    Switch branches\n   tag       Create, list, delete or verify a tag object signed with GPG\n\ncollaborate (see also: git help workflows)\n   fetch     Download objects and refs from another repository\n   pull      Fetch from and integrate with another repository or a local branch\n   push      Update remote refs along with associated objects\n\n'git help -a' and 'git help -g' list available subcommands and some\nconcept guides. See 'git help <command>' or 'git help <concept>'\nto read about a specific subcommand or concept.\nSee 'git help git' for an overview of the system.\n""
[0m22:08:16.055124 [debug] [MainThread]: STDERR: "b''"
[0m22:08:16.055368 [info ] [MainThread]:  - git [[32mOK found[0m]

[0m22:08:16.055572 [info ] [MainThread]: Connection:
[0m22:08:16.055776 [info ] [MainThread]:   host: localhost
[0m22:08:16.055924 [info ] [MainThread]:   port: 5432
[0m22:08:16.056063 [info ] [MainThread]:   user: postgres
[0m22:08:16.056197 [info ] [MainThread]:   database: db_dskola
[0m22:08:16.056330 [info ] [MainThread]:   schema: public
[0m22:08:16.056461 [info ] [MainThread]:   connect_timeout: 10
[0m22:08:16.056954 [info ] [MainThread]:   role: None
[0m22:08:16.057214 [info ] [MainThread]:   search_path: None
[0m22:08:16.057370 [info ] [MainThread]:   keepalives_idle: 0
[0m22:08:16.057515 [info ] [MainThread]:   sslmode: None
[0m22:08:16.057669 [info ] [MainThread]:   sslcert: None
[0m22:08:16.057805 [info ] [MainThread]:   sslkey: None
[0m22:08:16.057946 [info ] [MainThread]:   sslrootcert: None
[0m22:08:16.058078 [info ] [MainThread]:   application_name: dbt
[0m22:08:16.058210 [info ] [MainThread]:   retries: 1
[0m22:08:16.058585 [info ] [MainThread]: Registered adapter: postgres=1.8.1
[0m22:08:16.063581 [debug] [MainThread]: Acquiring new postgres connection 'debug'
[0m22:08:16.104641 [debug] [MainThread]: Using postgres connection "debug"
[0m22:08:16.105526 [debug] [MainThread]: On debug: select 1 as id
[0m22:08:16.106403 [debug] [MainThread]: Opening a new connection, currently in state init
[0m22:08:16.254196 [debug] [MainThread]: SQL status: SELECT 1 in 0.0 seconds
[0m22:08:16.254890 [debug] [MainThread]: On debug: Close
[0m22:08:16.255107 [info ] [MainThread]:   Connection test: [[32mOK connection ok[0m]

[0m22:08:16.255363 [info ] [MainThread]: [31m1 check failed:[0m
[0m22:08:16.255629 [info ] [MainThread]: Project loading failed for the following reason:
 project path </Users/moladin/Library/Mobile Documents/com~apple~CloudDocs/code/dbt/dbt_project.yml> not found

[0m22:08:16.262304 [debug] [MainThread]: Resource report: {"command_name": "debug", "command_wall_clock_time": 0.87790513, "process_user_time": 0.71181, "process_kernel_time": 0.172587, "process_mem_max_rss": "105447424", "command_success": false, "process_in_blocks": "0", "process_out_blocks": "0"}
[0m22:08:16.262749 [debug] [MainThread]: Command `dbt debug` failed at 22:08:16.262694 after 0.88 seconds
[0m22:08:16.262977 [debug] [MainThread]: Connection 'debug' was properly closed.
[0m22:08:16.263182 [debug] [MainThread]: Sending event: {'category': 'dbt', 'action': 'invocation', 'label': 'end', 'context': [<snowplow_tracker.self_describing_json.SelfDescribingJson object at 0x106b62850>, <snowplow_tracker.self_describing_json.SelfDescribingJson object at 0x106b46b50>, <snowplow_tracker.self_describing_json.SelfDescribingJson object at 0x106b3c0d0>]}
[0m22:08:16.263418 [debug] [MainThread]: Flushing usage events
[0m22:28:28.639873 [debug] [MainThread]: Sending event: {'category': 'dbt', 'action': 'invocation', 'label': 'start', 'context': [<snowplow_tracker.self_describing_json.SelfDescribingJson object at 0x1091f6750>, <snowplow_tracker.self_describing_json.SelfDescribingJson object at 0x109301610>, <snowplow_tracker.self_describing_json.SelfDescribingJson object at 0x1091b6b10>]}


============================== 22:28:28.643500 | 9a383067-eda6-4914-8ddb-1b7a1b28bb63 ==============================
[0m22:28:28.643500 [info ] [MainThread]: Running with dbt=1.8.2
[0m22:28:28.643928 [debug] [MainThread]: running dbt with arguments {'printer_width': '80', 'indirect_selection': 'eager', 'log_cache_events': 'False', 'write_json': 'True', 'partial_parse': 'True', 'cache_selected_only': 'False', 'warn_error': 'None', 'fail_fast': 'False', 'debug': 'False', 'log_path': 'logs', 'version_check': 'True', 'profiles_dir': '/Users/moladin/Library/Mobile Documents/com~apple~CloudDocs/code/dbt', 'use_colors': 'True', 'use_experimental_parser': 'False', 'no_print': 'None', 'quiet': 'False', 'log_format': 'default', 'invocation_command': 'dbt init', 'static_parser': 'True', 'warn_error_options': 'WarnErrorOptions(include=[], exclude=[])', 'target_path': 'None', 'introspect': 'True', 'send_anonymous_usage_stats': 'True'}
[0m22:28:48.662325 [debug] [MainThread]: Starter project path: /Users/moladin/code/venv_ds/lib/python3.11/site-packages/dbt/include/starter_project
[0m22:28:48.671705 [info ] [MainThread]: 
Your new dbt project "project_notrhwind" was created!

For more information on how to configure the profiles.yml file,
please consult the dbt documentation here:

  https://docs.getdbt.com/docs/configure-your-profile

One more thing:

Need help? Don't hesitate to reach out to us via GitHub issues or on Slack:

  https://community.getdbt.com/

Happy modeling!

[0m22:28:48.672262 [info ] [MainThread]: Setting up your profile.
[0m22:31:07.947510 [info ] [MainThread]: Profile project_notrhwind written to /Users/moladin/Library/Mobile Documents/com~apple~CloudDocs/code/dbt/profiles.yml using target's profile_template.yml and your supplied values. Run 'dbt debug' to validate the connection.
[0m22:31:07.952403 [debug] [MainThread]: Resource report: {"command_name": "init", "command_success": true, "command_wall_clock_time": 159.34906, "process_user_time": 0.625801, "process_kernel_time": 0.134935, "process_mem_max_rss": "95387648", "process_in_blocks": "0", "process_out_blocks": "0"}
[0m22:31:07.953601 [debug] [MainThread]: Command `dbt init` succeeded at 22:31:07.953457 after 159.35 seconds
[0m22:31:07.954222 [debug] [MainThread]: Sending event: {'category': 'dbt', 'action': 'invocation', 'label': 'end', 'context': [<snowplow_tracker.self_describing_json.SelfDescribingJson object at 0x10931e650>, <snowplow_tracker.self_describing_json.SelfDescribingJson object at 0x10931eed0>, <snowplow_tracker.self_describing_json.SelfDescribingJson object at 0x105131ad0>]}
[0m22:31:07.954646 [debug] [MainThread]: Flushing usage events
[0m22:36:35.216608 [debug] [MainThread]: Sending event: {'category': 'dbt', 'action': 'invocation', 'label': 'start', 'context': [<snowplow_tracker.self_describing_json.SelfDescribingJson object at 0x108547390>, <snowplow_tracker.self_describing_json.SelfDescribingJson object at 0x108562a90>, <snowplow_tracker.self_describing_json.SelfDescribingJson object at 0x108563410>]}


============================== 22:36:35.221922 | e64ea0cf-140e-4a9c-a680-89260fc8569f ==============================
[0m22:36:35.221922 [info ] [MainThread]: Running with dbt=1.8.2
[0m22:36:35.222284 [debug] [MainThread]: running dbt with arguments {'printer_width': '80', 'indirect_selection': 'eager', 'log_cache_events': 'False', 'write_json': 'True', 'partial_parse': 'True', 'cache_selected_only': 'False', 'warn_error': 'None', 'debug': 'False', 'version_check': 'True', 'log_path': 'logs', 'fail_fast': 'False', 'profiles_dir': '/Users/moladin/.dbt', 'use_colors': 'True', 'use_experimental_parser': 'False', 'no_print': 'None', 'quiet': 'False', 'warn_error_options': 'WarnErrorOptions(include=[], exclude=[])', 'invocation_command': 'dbt init project_northwind', 'log_format': 'default', 'introspect': 'True', 'target_path': 'None', 'static_parser': 'True', 'send_anonymous_usage_stats': 'True'}
[0m22:36:35.232442 [warn ] [MainThread]: [ConfigFolderDirectory]: Unable to parse dict {'dir': PosixPath('/Users/moladin/.dbt')}
[0m22:36:35.232823 [info ] [MainThread]: Creating dbt configuration folder at 
[0m22:36:35.233839 [debug] [MainThread]: Starter project path: /Users/moladin/code/venv_ds/lib/python3.11/site-packages/dbt/include/starter_project
[0m22:36:35.237426 [info ] [MainThread]: 
Your new dbt project "project_northwind" was created!

For more information on how to configure the profiles.yml file,
please consult the dbt documentation here:

  https://docs.getdbt.com/docs/configure-your-profile

One more thing:

Need help? Don't hesitate to reach out to us via GitHub issues or on Slack:

  https://community.getdbt.com/

Happy modeling!

[0m22:36:35.237748 [info ] [MainThread]: Setting up your profile.
[0m22:37:16.918438 [info ] [MainThread]: Profile project_northwind written to /Users/moladin/.dbt/profiles.yml using target's profile_template.yml and your supplied values. Run 'dbt debug' to validate the connection.
[0m22:37:16.922968 [debug] [MainThread]: Resource report: {"command_name": "init", "command_success": true, "command_wall_clock_time": 41.743546, "process_user_time": 0.629578, "process_kernel_time": 0.14075, "process_mem_max_rss": "94715904", "process_in_blocks": "0", "process_out_blocks": "0"}
[0m22:37:16.923825 [debug] [MainThread]: Command `dbt init` succeeded at 22:37:16.923676 after 41.74 seconds
[0m22:37:16.924424 [debug] [MainThread]: Sending event: {'category': 'dbt', 'action': 'invocation', 'label': 'end', 'context': [<snowplow_tracker.self_describing_json.SelfDescribingJson object at 0x104e7d910>, <snowplow_tracker.self_describing_json.SelfDescribingJson object at 0x1084f11d0>, <snowplow_tracker.self_describing_json.SelfDescribingJson object at 0x1084f1090>]}
[0m22:37:16.924901 [debug] [MainThread]: Flushing usage events
[0m22:39:12.348828 [debug] [MainThread]: Sending event: {'category': 'dbt', 'action': 'invocation', 'label': 'start', 'context': [<snowplow_tracker.self_describing_json.SelfDescribingJson object at 0x1125f2a50>, <snowplow_tracker.self_describing_json.SelfDescribingJson object at 0x11411e4d0>, <snowplow_tracker.self_describing_json.SelfDescribingJson object at 0x11411ecd0>]}


============================== 22:39:12.352686 | f4c0dcef-871a-4310-90a7-56ad5770f8fa ==============================
[0m22:39:12.352686 [info ] [MainThread]: Running with dbt=1.8.2
[0m22:39:12.353057 [debug] [MainThread]: running dbt with arguments {'printer_width': '80', 'indirect_selection': 'eager', 'write_json': 'True', 'log_cache_events': 'False', 'partial_parse': 'True', 'cache_selected_only': 'False', 'warn_error': 'None', 'fail_fast': 'False', 'version_check': 'True', 'log_path': 'logs', 'profiles_dir': '/Users/moladin/.dbt', 'debug': 'False', 'use_colors': 'True', 'use_experimental_parser': 'False', 'no_print': 'None', 'quiet': 'False', 'warn_error_options': 'WarnErrorOptions(include=[], exclude=[])', 'introspect': 'True', 'invocation_command': 'dbt init project_northwind --profile project_nothwind_profile', 'static_parser': 'True', 'target_path': 'None', 'log_format': 'default', 'send_anonymous_usage_stats': 'True'}
[0m22:39:12.362845 [error] [MainThread]: Encountered an error:
Runtime Error
  Could not find profile named 'project_nothwind_profile'
[0m22:39:12.364332 [debug] [MainThread]: Resource report: {"command_name": "init", "command_wall_clock_time": 0.052009165, "process_user_time": 0.606885, "process_kernel_time": 0.114228, "process_mem_max_rss": "96157696", "command_success": false, "process_in_blocks": "0", "process_out_blocks": "0"}
[0m22:39:12.364692 [debug] [MainThread]: Command `dbt init` failed at 22:39:12.364635 after 0.05 seconds
[0m22:39:12.364939 [debug] [MainThread]: Sending event: {'category': 'dbt', 'action': 'invocation', 'label': 'end', 'context': [<snowplow_tracker.self_describing_json.SelfDescribingJson object at 0x11411e890>, <snowplow_tracker.self_describing_json.SelfDescribingJson object at 0x111f88f50>, <snowplow_tracker.self_describing_json.SelfDescribingJson object at 0x105227d90>]}
[0m22:39:12.365172 [debug] [MainThread]: Flushing usage events
[0m22:39:34.231629 [debug] [MainThread]: Sending event: {'category': 'dbt', 'action': 'invocation', 'label': 'start', 'context': [<snowplow_tracker.self_describing_json.SelfDescribingJson object at 0x107a37d50>, <snowplow_tracker.self_describing_json.SelfDescribingJson object at 0x107a36610>, <snowplow_tracker.self_describing_json.SelfDescribingJson object at 0x107a5b650>]}


============================== 22:39:34.234792 | bac97e40-82bc-4264-98a1-b798c9631628 ==============================
[0m22:39:34.234792 [info ] [MainThread]: Running with dbt=1.8.2
[0m22:39:34.235152 [debug] [MainThread]: running dbt with arguments {'printer_width': '80', 'indirect_selection': 'eager', 'write_json': 'True', 'log_cache_events': 'False', 'partial_parse': 'True', 'cache_selected_only': 'False', 'warn_error': 'None', 'debug': 'False', 'version_check': 'True', 'log_path': 'logs', 'profiles_dir': '/Users/moladin/.dbt', 'fail_fast': 'False', 'use_colors': 'True', 'use_experimental_parser': 'False', 'no_print': 'None', 'quiet': 'False', 'warn_error_options': 'WarnErrorOptions(include=[], exclude=[])', 'introspect': 'True', 'log_format': 'default', 'static_parser': 'True', 'target_path': 'None', 'invocation_command': 'dbt init project_northwind --profile profiles.yaml', 'send_anonymous_usage_stats': 'True'}
[0m22:39:34.243747 [error] [MainThread]: Encountered an error:
Runtime Error
  Could not find profile named 'profiles.yaml'
[0m22:39:34.245073 [debug] [MainThread]: Resource report: {"command_name": "init", "command_wall_clock_time": 0.04460117, "process_user_time": 0.598241, "process_kernel_time": 0.099991, "process_mem_max_rss": "95698944", "command_success": false, "process_in_blocks": "0", "process_out_blocks": "0"}
[0m22:39:34.245384 [debug] [MainThread]: Command `dbt init` failed at 22:39:34.245331 after 0.04 seconds
[0m22:39:34.245602 [debug] [MainThread]: Sending event: {'category': 'dbt', 'action': 'invocation', 'label': 'end', 'context': [<snowplow_tracker.self_describing_json.SelfDescribingJson object at 0x107903b90>, <snowplow_tracker.self_describing_json.SelfDescribingJson object at 0x107a3cc50>, <snowplow_tracker.self_describing_json.SelfDescribingJson object at 0x1079e93d0>]}
[0m22:39:34.245834 [debug] [MainThread]: Flushing usage events
