[0m21:15:36.543931 [debug] [MainThread]: Sending event: {'category': 'dbt', 'action': 'invocation', 'label': 'start', 'context': [<snowplow_tracker.self_describing_json.SelfDescribingJson object at 0x108297c50>, <snowplow_tracker.self_describing_json.SelfDescribingJson object at 0x10883dca0>, <snowplow_tracker.self_describing_json.SelfDescribingJson object at 0x10883d9d0>]}


============================== 21:15:36.546163 | d10552cc-1559-4afc-899e-9d0dd3ddca68 ==============================
[0m21:15:36.546163 [info ] [MainThread]: Running with dbt=1.8.1
[0m21:15:36.546417 [debug] [MainThread]: running dbt with arguments {'printer_width': '80', 'indirect_selection': 'eager', 'log_cache_events': 'False', 'write_json': 'True', 'partial_parse': 'True', 'cache_selected_only': 'False', 'warn_error': 'None', 'debug': 'False', 'profiles_dir': './', 'log_path': 'dbt_dskola_project/logs', 'fail_fast': 'False', 'version_check': 'True', 'use_colors': 'True', 'use_experimental_parser': 'False', 'no_print': 'None', 'quiet': 'False', 'log_format': 'default', 'invocation_command': 'dbt test --profiles-dir ./ --project-dir dbt_dskola_project', 'warn_error_options': 'WarnErrorOptions(include=[], exclude=[])', 'static_parser': 'True', 'target_path': 'None', 'introspect': 'True', 'send_anonymous_usage_stats': 'True'}
[0m21:15:36.605693 [warn ] [MainThread]: [[33mWARNING[0m]: Deprecated functionality
The `source-paths` config has been renamed to `model-paths`. Please update your
`dbt_project.yml` configuration to reflect this change.
[0m21:15:36.605923 [debug] [MainThread]: Sending event: {'category': 'dbt', 'action': 'deprecation', 'label': 'd10552cc-1559-4afc-899e-9d0dd3ddca68', 'property_': 'warn', 'context': [<snowplow_tracker.self_describing_json.SelfDescribingJson object at 0x10894d3d0>]}
[0m21:15:36.606098 [warn ] [MainThread]: [[33mWARNING[0m]: Deprecated functionality
The `data-paths` config has been renamed to `seed-paths`. Please update your
`dbt_project.yml` configuration to reflect this change.
[0m21:15:36.606223 [debug] [MainThread]: Sending event: {'category': 'dbt', 'action': 'deprecation', 'label': 'd10552cc-1559-4afc-899e-9d0dd3ddca68', 'property_': 'warn', 'context': [<snowplow_tracker.self_describing_json.SelfDescribingJson object at 0x108921760>]}
[0m21:15:36.648781 [debug] [MainThread]: Sending event: {'category': 'dbt', 'action': 'project_id', 'label': 'd10552cc-1559-4afc-899e-9d0dd3ddca68', 'context': [<snowplow_tracker.self_describing_json.SelfDescribingJson object at 0x1088680b0>]}
[0m21:15:36.665243 [debug] [MainThread]: Sending event: {'category': 'dbt', 'action': 'adapter_info', 'label': 'd10552cc-1559-4afc-899e-9d0dd3ddca68', 'context': [<snowplow_tracker.self_describing_json.SelfDescribingJson object at 0x107ddb260>]}
[0m21:15:36.665836 [info ] [MainThread]: Registered adapter: postgres=1.8.1
[0m21:15:36.674739 [debug] [MainThread]: checksum: ebc509fb14e151ea268e89b60fd5abf912ed99129f87516462718fa2f14f4838, vars: {}, profile: , target: , version: 1.8.1
[0m21:15:36.675501 [info ] [MainThread]: Unable to do partial parsing because saved manifest not found. Starting full parse.
[0m21:15:36.675696 [debug] [MainThread]: Sending event: {'category': 'dbt', 'action': 'partial_parser', 'label': 'd10552cc-1559-4afc-899e-9d0dd3ddca68', 'context': [<snowplow_tracker.self_describing_json.SelfDescribingJson object at 0x10856fc80>]}
[0m21:15:37.066824 [warn ] [MainThread]: [[33mWARNING[0m]: Configuration paths exist in your dbt_project.yml file which do not apply to any resources.
There are 2 unused configuration paths:
- seeds.dbt_dskola_project
- snapshots.dbt_dskola_project
[0m21:15:37.070579 [debug] [MainThread]: Sending event: {'category': 'dbt', 'action': 'load_project', 'label': 'd10552cc-1559-4afc-899e-9d0dd3ddca68', 'context': [<snowplow_tracker.self_describing_json.SelfDescribingJson object at 0x109413710>]}
[0m21:15:37.118549 [debug] [MainThread]: Sending event: {'category': 'dbt', 'action': 'resource_counts', 'label': 'd10552cc-1559-4afc-899e-9d0dd3ddca68', 'context': [<snowplow_tracker.self_describing_json.SelfDescribingJson object at 0x1097601d0>]}
[0m21:15:37.118770 [info ] [MainThread]: Found 5 models, 4 sources, 413 macros
[0m21:15:37.118900 [debug] [MainThread]: Sending event: {'category': 'dbt', 'action': 'runnable_timing', 'label': 'd10552cc-1559-4afc-899e-9d0dd3ddca68', 'context': [<snowplow_tracker.self_describing_json.SelfDescribingJson object at 0x109723f20>]}
[0m21:15:37.119522 [info ] [MainThread]: 
[0m21:15:37.119654 [warn ] [MainThread]: Nothing to do. Try checking your model configs and model specification args
[0m21:15:37.119833 [debug] [MainThread]: Command end result
[0m21:15:37.131132 [debug] [MainThread]: Resource report: {"command_name": "test", "command_success": true, "command_wall_clock_time": 0.62031144, "process_user_time": 0.904399, "process_kernel_time": 0.133115, "process_mem_max_rss": "110673920", "process_in_blocks": "0", "process_out_blocks": "0"}
[0m21:15:37.131462 [debug] [MainThread]: Command `dbt test` succeeded at 21:15:37.131420 after 0.62 seconds
[0m21:15:37.131645 [debug] [MainThread]: Sending event: {'category': 'dbt', 'action': 'invocation', 'label': 'end', 'context': [<snowplow_tracker.self_describing_json.SelfDescribingJson object at 0x10950fe00>, <snowplow_tracker.self_describing_json.SelfDescribingJson object at 0x108297c50>, <snowplow_tracker.self_describing_json.SelfDescribingJson object at 0x108297a70>]}
[0m21:15:37.131778 [debug] [MainThread]: Flushing usage events
[0m21:18:40.528634 [debug] [MainThread]: Sending event: {'category': 'dbt', 'action': 'invocation', 'label': 'start', 'context': [<snowplow_tracker.self_describing_json.SelfDescribingJson object at 0x1044e5250>, <snowplow_tracker.self_describing_json.SelfDescribingJson object at 0x10593b2f0>, <snowplow_tracker.self_describing_json.SelfDescribingJson object at 0x1066e5b80>]}


============================== 21:18:40.531178 | 3f8b1fb8-061f-4180-8af3-2cd734a323f8 ==============================
[0m21:18:40.531178 [info ] [MainThread]: Running with dbt=1.8.1
[0m21:18:40.531429 [debug] [MainThread]: running dbt with arguments {'printer_width': '80', 'indirect_selection': 'eager', 'write_json': 'True', 'log_cache_events': 'False', 'partial_parse': 'True', 'cache_selected_only': 'False', 'warn_error': 'None', 'fail_fast': 'False', 'version_check': 'True', 'log_path': 'dbt_dskola_project/logs', 'debug': 'False', 'profiles_dir': './', 'use_colors': 'True', 'use_experimental_parser': 'False', 'no_print': 'None', 'quiet': 'False', 'warn_error_options': 'WarnErrorOptions(include=[], exclude=[])', 'invocation_command': 'dbt run --profiles-dir ./ --project-dir dbt_dskola_project', 'log_format': 'default', 'introspect': 'True', 'target_path': 'None', 'static_parser': 'True', 'send_anonymous_usage_stats': 'True'}
[0m21:18:40.590045 [warn ] [MainThread]: [[33mWARNING[0m]: Deprecated functionality
The `source-paths` config has been renamed to `model-paths`. Please update your
`dbt_project.yml` configuration to reflect this change.
[0m21:18:40.590290 [debug] [MainThread]: Sending event: {'category': 'dbt', 'action': 'deprecation', 'label': '3f8b1fb8-061f-4180-8af3-2cd734a323f8', 'property_': 'warn', 'context': [<snowplow_tracker.self_describing_json.SelfDescribingJson object at 0x1067f2810>]}
[0m21:18:40.590488 [warn ] [MainThread]: [[33mWARNING[0m]: Deprecated functionality
The `data-paths` config has been renamed to `seed-paths`. Please update your
`dbt_project.yml` configuration to reflect this change.
[0m21:18:40.590614 [debug] [MainThread]: Sending event: {'category': 'dbt', 'action': 'deprecation', 'label': '3f8b1fb8-061f-4180-8af3-2cd734a323f8', 'property_': 'warn', 'context': [<snowplow_tracker.self_describing_json.SelfDescribingJson object at 0x1067f2810>]}
[0m21:18:40.633373 [debug] [MainThread]: Sending event: {'category': 'dbt', 'action': 'project_id', 'label': '3f8b1fb8-061f-4180-8af3-2cd734a323f8', 'context': [<snowplow_tracker.self_describing_json.SelfDescribingJson object at 0x1057f8170>]}
[0m21:18:40.649886 [debug] [MainThread]: Sending event: {'category': 'dbt', 'action': 'adapter_info', 'label': '3f8b1fb8-061f-4180-8af3-2cd734a323f8', 'context': [<snowplow_tracker.self_describing_json.SelfDescribingJson object at 0x106235bb0>]}
[0m21:18:40.650729 [info ] [MainThread]: Registered adapter: postgres=1.8.1
[0m21:18:40.661099 [debug] [MainThread]: checksum: ebc509fb14e151ea268e89b60fd5abf912ed99129f87516462718fa2f14f4838, vars: {}, profile: , target: , version: 1.8.1
[0m21:18:40.745489 [debug] [MainThread]: Partial parsing enabled: 0 files deleted, 0 files added, 0 files changed.
[0m21:18:40.745699 [debug] [MainThread]: Partial parsing enabled, no changes found, skipping parsing
[0m21:18:40.747566 [warn ] [MainThread]: [[33mWARNING[0m]: Configuration paths exist in your dbt_project.yml file which do not apply to any resources.
There are 2 unused configuration paths:
- seeds.dbt_dskola_project
- snapshots.dbt_dskola_project
[0m21:18:40.757285 [debug] [MainThread]: Sending event: {'category': 'dbt', 'action': 'load_project', 'label': '3f8b1fb8-061f-4180-8af3-2cd734a323f8', 'context': [<snowplow_tracker.self_describing_json.SelfDescribingJson object at 0x106c5e2a0>]}
[0m21:18:40.799086 [debug] [MainThread]: Sending event: {'category': 'dbt', 'action': 'resource_counts', 'label': '3f8b1fb8-061f-4180-8af3-2cd734a323f8', 'context': [<snowplow_tracker.self_describing_json.SelfDescribingJson object at 0x107289220>]}
[0m21:18:40.799287 [info ] [MainThread]: Found 5 models, 4 sources, 413 macros
[0m21:18:40.799413 [debug] [MainThread]: Sending event: {'category': 'dbt', 'action': 'runnable_timing', 'label': '3f8b1fb8-061f-4180-8af3-2cd734a323f8', 'context': [<snowplow_tracker.self_describing_json.SelfDescribingJson object at 0x106697680>]}
[0m21:18:40.800128 [info ] [MainThread]: 
[0m21:18:40.800352 [debug] [MainThread]: Acquiring new postgres connection 'master'
[0m21:18:40.801662 [debug] [ThreadPool]: Acquiring new postgres connection 'list_db_dskola'
[0m21:18:40.870432 [debug] [ThreadPool]: Using postgres connection "list_db_dskola"
[0m21:18:40.870647 [debug] [ThreadPool]: On list_db_dskola: /* {"app": "dbt", "dbt_version": "1.8.1", "profile_name": "dbt_dskola_project", "target_name": "dev", "connection_name": "list_db_dskola"} */

    select distinct nspname from pg_namespace
  
[0m21:18:40.870769 [debug] [ThreadPool]: Opening a new connection, currently in state init
[0m21:18:40.932125 [debug] [ThreadPool]: SQL status: SELECT 4 in 0.0 seconds
[0m21:18:40.932857 [debug] [ThreadPool]: On list_db_dskola: Close
[0m21:18:40.933385 [debug] [ThreadPool]: Re-using an available connection from the pool (formerly list_db_dskola, now list_db_dskola_public)
[0m21:18:40.935655 [debug] [ThreadPool]: Using postgres connection "list_db_dskola_public"
[0m21:18:40.935776 [debug] [ThreadPool]: On list_db_dskola_public: BEGIN
[0m21:18:40.935874 [debug] [ThreadPool]: Opening a new connection, currently in state closed
[0m21:18:40.947305 [debug] [ThreadPool]: SQL status: BEGIN in 0.0 seconds
[0m21:18:40.947506 [debug] [ThreadPool]: Using postgres connection "list_db_dskola_public"
[0m21:18:40.947621 [debug] [ThreadPool]: On list_db_dskola_public: /* {"app": "dbt", "dbt_version": "1.8.1", "profile_name": "dbt_dskola_project", "target_name": "dev", "connection_name": "list_db_dskola_public"} */
select
      'db_dskola' as database,
      tablename as name,
      schemaname as schema,
      'table' as type
    from pg_tables
    where schemaname ilike 'public'
    union all
    select
      'db_dskola' as database,
      viewname as name,
      schemaname as schema,
      'view' as type
    from pg_views
    where schemaname ilike 'public'
    union all
    select
      'db_dskola' as database,
      matviewname as name,
      schemaname as schema,
      'materialized_view' as type
    from pg_matviews
    where schemaname ilike 'public'
  
[0m21:18:40.955308 [debug] [ThreadPool]: SQL status: SELECT 4 in 0.0 seconds
[0m21:18:40.955897 [debug] [ThreadPool]: On list_db_dskola_public: ROLLBACK
[0m21:18:40.956285 [debug] [ThreadPool]: On list_db_dskola_public: Close
[0m21:18:40.958335 [debug] [MainThread]: Using postgres connection "master"
[0m21:18:40.958476 [debug] [MainThread]: On master: BEGIN
[0m21:18:40.958578 [debug] [MainThread]: Opening a new connection, currently in state init
[0m21:18:40.965299 [debug] [MainThread]: SQL status: BEGIN in 0.0 seconds
[0m21:18:40.965409 [debug] [MainThread]: Using postgres connection "master"
[0m21:18:40.965557 [debug] [MainThread]: On master: /* {"app": "dbt", "dbt_version": "1.8.1", "profile_name": "dbt_dskola_project", "target_name": "dev", "connection_name": "master"} */
with relation as (
        select
            pg_rewrite.ev_class as class,
            pg_rewrite.oid as id
        from pg_rewrite
    ),
    class as (
        select
            oid as id,
            relname as name,
            relnamespace as schema,
            relkind as kind
        from pg_class
    ),
    dependency as (
        select distinct
            pg_depend.objid as id,
            pg_depend.refobjid as ref
        from pg_depend
    ),
    schema as (
        select
            pg_namespace.oid as id,
            pg_namespace.nspname as name
        from pg_namespace
        where nspname != 'information_schema' and nspname not like 'pg\_%'
    ),
    referenced as (
        select
            relation.id AS id,
            referenced_class.name ,
            referenced_class.schema ,
            referenced_class.kind
        from relation
        join class as referenced_class on relation.class=referenced_class.id
        where referenced_class.kind in ('r', 'v', 'm')
    ),
    relationships as (
        select
            referenced.name as referenced_name,
            referenced.schema as referenced_schema_id,
            dependent_class.name as dependent_name,
            dependent_class.schema as dependent_schema_id,
            referenced.kind as kind
        from referenced
        join dependency on referenced.id=dependency.id
        join class as dependent_class on dependency.ref=dependent_class.id
        where
            (referenced.name != dependent_class.name or
             referenced.schema != dependent_class.schema)
    )

    select
        referenced_schema.name as referenced_schema,
        relationships.referenced_name as referenced_name,
        dependent_schema.name as dependent_schema,
        relationships.dependent_name as dependent_name
    from relationships
    join schema as dependent_schema on relationships.dependent_schema_id=dependent_schema.id
    join schema as referenced_schema on relationships.referenced_schema_id=referenced_schema.id
    group by referenced_schema, referenced_name, dependent_schema, dependent_name
    order by referenced_schema, referenced_name, dependent_schema, dependent_name;
[0m21:18:40.970329 [debug] [MainThread]: SQL status: SELECT 0 in 0.0 seconds
[0m21:18:40.970788 [debug] [MainThread]: Sending event: {'category': 'dbt', 'action': 'runnable_timing', 'label': '3f8b1fb8-061f-4180-8af3-2cd734a323f8', 'context': [<snowplow_tracker.self_describing_json.SelfDescribingJson object at 0x10725abd0>]}
[0m21:18:40.970950 [debug] [MainThread]: On master: ROLLBACK
[0m21:18:40.971257 [debug] [MainThread]: Using postgres connection "master"
[0m21:18:40.971372 [debug] [MainThread]: On master: BEGIN
[0m21:18:40.971841 [debug] [MainThread]: SQL status: BEGIN in 0.0 seconds
[0m21:18:40.971950 [debug] [MainThread]: On master: COMMIT
[0m21:18:40.972052 [debug] [MainThread]: Using postgres connection "master"
[0m21:18:40.972149 [debug] [MainThread]: On master: COMMIT
[0m21:18:40.972388 [debug] [MainThread]: SQL status: COMMIT in 0.0 seconds
[0m21:18:40.972505 [debug] [MainThread]: On master: Close
[0m21:18:40.972675 [info ] [MainThread]: Concurrency: 1 threads (target='dev')
[0m21:18:40.972803 [info ] [MainThread]: 
[0m21:18:40.974076 [debug] [Thread-1 (]: Began running node model.dbt_dskola_project.raw_customers
[0m21:18:40.974277 [info ] [Thread-1 (]: 1 of 5 START sql table model public.raw_customers .............................. [RUN]
[0m21:18:40.974433 [debug] [Thread-1 (]: Re-using an available connection from the pool (formerly list_db_dskola_public, now model.dbt_dskola_project.raw_customers)
[0m21:18:40.974567 [debug] [Thread-1 (]: Began compiling node model.dbt_dskola_project.raw_customers
[0m21:18:40.977460 [debug] [Thread-1 (]: Writing injected SQL for node "model.dbt_dskola_project.raw_customers"
[0m21:18:40.978314 [debug] [Thread-1 (]: Began executing node model.dbt_dskola_project.raw_customers
[0m21:18:40.992825 [debug] [Thread-1 (]: Writing runtime sql for node "model.dbt_dskola_project.raw_customers"
[0m21:18:40.993778 [debug] [Thread-1 (]: Using postgres connection "model.dbt_dskola_project.raw_customers"
[0m21:18:40.993902 [debug] [Thread-1 (]: On model.dbt_dskola_project.raw_customers: BEGIN
[0m21:18:40.994007 [debug] [Thread-1 (]: Opening a new connection, currently in state closed
[0m21:18:41.002505 [debug] [Thread-1 (]: SQL status: BEGIN in 0.0 seconds
[0m21:18:41.002621 [debug] [Thread-1 (]: Using postgres connection "model.dbt_dskola_project.raw_customers"
[0m21:18:41.002742 [debug] [Thread-1 (]: On model.dbt_dskola_project.raw_customers: /* {"app": "dbt", "dbt_version": "1.8.1", "profile_name": "dbt_dskola_project", "target_name": "dev", "node_id": "model.dbt_dskola_project.raw_customers"} */

  
    

  create  table "db_dskola"."public"."raw_customers__dbt_tmp"
  
  
    as
  
  (
    select
    customer_id,
    customer_name,
    customer_email,
    signup_date
from
    "db_dskola"."public"."customers"
  );
  
[0m21:18:41.008175 [debug] [Thread-1 (]: SQL status: SELECT 2 in 0.0 seconds
[0m21:18:41.010275 [debug] [Thread-1 (]: Using postgres connection "model.dbt_dskola_project.raw_customers"
[0m21:18:41.010903 [debug] [Thread-1 (]: On model.dbt_dskola_project.raw_customers: /* {"app": "dbt", "dbt_version": "1.8.1", "profile_name": "dbt_dskola_project", "target_name": "dev", "node_id": "model.dbt_dskola_project.raw_customers"} */
alter table "db_dskola"."public"."raw_customers__dbt_tmp" rename to "raw_customers"
[0m21:18:41.011477 [debug] [Thread-1 (]: SQL status: ALTER TABLE in 0.0 seconds
[0m21:18:41.017501 [debug] [Thread-1 (]: On model.dbt_dskola_project.raw_customers: COMMIT
[0m21:18:41.017629 [debug] [Thread-1 (]: Using postgres connection "model.dbt_dskola_project.raw_customers"
[0m21:18:41.017738 [debug] [Thread-1 (]: On model.dbt_dskola_project.raw_customers: COMMIT
[0m21:18:41.020634 [debug] [Thread-1 (]: SQL status: COMMIT in 0.0 seconds
[0m21:18:41.022598 [debug] [Thread-1 (]: Applying DROP to: "db_dskola"."public"."raw_customers__dbt_backup"
[0m21:18:41.024247 [debug] [Thread-1 (]: Using postgres connection "model.dbt_dskola_project.raw_customers"
[0m21:18:41.024378 [debug] [Thread-1 (]: On model.dbt_dskola_project.raw_customers: /* {"app": "dbt", "dbt_version": "1.8.1", "profile_name": "dbt_dskola_project", "target_name": "dev", "node_id": "model.dbt_dskola_project.raw_customers"} */
drop table if exists "db_dskola"."public"."raw_customers__dbt_backup" cascade
[0m21:18:41.024967 [debug] [Thread-1 (]: SQL status: DROP TABLE in 0.0 seconds
[0m21:18:41.025813 [debug] [Thread-1 (]: On model.dbt_dskola_project.raw_customers: Close
[0m21:18:41.026302 [debug] [Thread-1 (]: Sending event: {'category': 'dbt', 'action': 'run_model', 'label': '3f8b1fb8-061f-4180-8af3-2cd734a323f8', 'context': [<snowplow_tracker.self_describing_json.SelfDescribingJson object at 0x104fa3470>]}
[0m21:18:41.026524 [info ] [Thread-1 (]: 1 of 5 OK created sql table model public.raw_customers ......................... [[32mSELECT 2[0m in 0.05s]
[0m21:18:41.026748 [debug] [Thread-1 (]: Finished running node model.dbt_dskola_project.raw_customers
[0m21:18:41.026897 [debug] [Thread-1 (]: Began running node model.dbt_dskola_project.raw_orders
[0m21:18:41.027109 [info ] [Thread-1 (]: 2 of 5 START sql table model public.raw_orders ................................. [RUN]
[0m21:18:41.027281 [debug] [Thread-1 (]: Re-using an available connection from the pool (formerly model.dbt_dskola_project.raw_customers, now model.dbt_dskola_project.raw_orders)
[0m21:18:41.027406 [debug] [Thread-1 (]: Began compiling node model.dbt_dskola_project.raw_orders
[0m21:18:41.028266 [debug] [Thread-1 (]: Writing injected SQL for node "model.dbt_dskola_project.raw_orders"
[0m21:18:41.028715 [debug] [Thread-1 (]: Began executing node model.dbt_dskola_project.raw_orders
[0m21:18:41.029909 [debug] [Thread-1 (]: Writing runtime sql for node "model.dbt_dskola_project.raw_orders"
[0m21:18:41.030246 [debug] [Thread-1 (]: Using postgres connection "model.dbt_dskola_project.raw_orders"
[0m21:18:41.030362 [debug] [Thread-1 (]: On model.dbt_dskola_project.raw_orders: BEGIN
[0m21:18:41.030466 [debug] [Thread-1 (]: Opening a new connection, currently in state closed
[0m21:18:41.039467 [debug] [Thread-1 (]: SQL status: BEGIN in 0.0 seconds
[0m21:18:41.039655 [debug] [Thread-1 (]: Using postgres connection "model.dbt_dskola_project.raw_orders"
[0m21:18:41.039775 [debug] [Thread-1 (]: On model.dbt_dskola_project.raw_orders: /* {"app": "dbt", "dbt_version": "1.8.1", "profile_name": "dbt_dskola_project", "target_name": "dev", "node_id": "model.dbt_dskola_project.raw_orders"} */

  
    

  create  table "db_dskola"."public"."raw_orders__dbt_tmp"
  
  
    as
  
  (
    select
    order_id,
    order_date,
    customer_id,
    product_id,
    order_amount
from
    "db_dskola"."public"."orders"
  );
  
[0m21:18:41.042602 [debug] [Thread-1 (]: SQL status: SELECT 2 in 0.0 seconds
[0m21:18:41.043673 [debug] [Thread-1 (]: Using postgres connection "model.dbt_dskola_project.raw_orders"
[0m21:18:41.043797 [debug] [Thread-1 (]: On model.dbt_dskola_project.raw_orders: /* {"app": "dbt", "dbt_version": "1.8.1", "profile_name": "dbt_dskola_project", "target_name": "dev", "node_id": "model.dbt_dskola_project.raw_orders"} */
alter table "db_dskola"."public"."raw_orders__dbt_tmp" rename to "raw_orders"
[0m21:18:41.044304 [debug] [Thread-1 (]: SQL status: ALTER TABLE in 0.0 seconds
[0m21:18:41.044911 [debug] [Thread-1 (]: On model.dbt_dskola_project.raw_orders: COMMIT
[0m21:18:41.045035 [debug] [Thread-1 (]: Using postgres connection "model.dbt_dskola_project.raw_orders"
[0m21:18:41.045144 [debug] [Thread-1 (]: On model.dbt_dskola_project.raw_orders: COMMIT
[0m21:18:41.046159 [debug] [Thread-1 (]: SQL status: COMMIT in 0.0 seconds
[0m21:18:41.046942 [debug] [Thread-1 (]: Applying DROP to: "db_dskola"."public"."raw_orders__dbt_backup"
[0m21:18:41.047172 [debug] [Thread-1 (]: Using postgres connection "model.dbt_dskola_project.raw_orders"
[0m21:18:41.047289 [debug] [Thread-1 (]: On model.dbt_dskola_project.raw_orders: /* {"app": "dbt", "dbt_version": "1.8.1", "profile_name": "dbt_dskola_project", "target_name": "dev", "node_id": "model.dbt_dskola_project.raw_orders"} */
drop table if exists "db_dskola"."public"."raw_orders__dbt_backup" cascade
[0m21:18:41.047905 [debug] [Thread-1 (]: SQL status: DROP TABLE in 0.0 seconds
[0m21:18:41.048359 [debug] [Thread-1 (]: On model.dbt_dskola_project.raw_orders: Close
[0m21:18:41.048542 [debug] [Thread-1 (]: Sending event: {'category': 'dbt', 'action': 'run_model', 'label': '3f8b1fb8-061f-4180-8af3-2cd734a323f8', 'context': [<snowplow_tracker.self_describing_json.SelfDescribingJson object at 0x1076c7890>]}
[0m21:18:41.048748 [info ] [Thread-1 (]: 2 of 5 OK created sql table model public.raw_orders ............................ [[32mSELECT 2[0m in 0.02s]
[0m21:18:41.048954 [debug] [Thread-1 (]: Finished running node model.dbt_dskola_project.raw_orders
[0m21:18:41.049102 [debug] [Thread-1 (]: Began running node model.dbt_dskola_project.raw_payments
[0m21:18:41.049300 [info ] [Thread-1 (]: 3 of 5 START sql table model public.raw_payments ............................... [RUN]
[0m21:18:41.049469 [debug] [Thread-1 (]: Re-using an available connection from the pool (formerly model.dbt_dskola_project.raw_orders, now model.dbt_dskola_project.raw_payments)
[0m21:18:41.049589 [debug] [Thread-1 (]: Began compiling node model.dbt_dskola_project.raw_payments
[0m21:18:41.050507 [debug] [Thread-1 (]: Writing injected SQL for node "model.dbt_dskola_project.raw_payments"
[0m21:18:41.050866 [debug] [Thread-1 (]: Began executing node model.dbt_dskola_project.raw_payments
[0m21:18:41.051980 [debug] [Thread-1 (]: Writing runtime sql for node "model.dbt_dskola_project.raw_payments"
[0m21:18:41.052257 [debug] [Thread-1 (]: Using postgres connection "model.dbt_dskola_project.raw_payments"
[0m21:18:41.052364 [debug] [Thread-1 (]: On model.dbt_dskola_project.raw_payments: BEGIN
[0m21:18:41.052468 [debug] [Thread-1 (]: Opening a new connection, currently in state closed
[0m21:18:41.059435 [debug] [Thread-1 (]: SQL status: BEGIN in 0.0 seconds
[0m21:18:41.059587 [debug] [Thread-1 (]: Using postgres connection "model.dbt_dskola_project.raw_payments"
[0m21:18:41.059708 [debug] [Thread-1 (]: On model.dbt_dskola_project.raw_payments: /* {"app": "dbt", "dbt_version": "1.8.1", "profile_name": "dbt_dskola_project", "target_name": "dev", "node_id": "model.dbt_dskola_project.raw_payments"} */

  
    

  create  table "db_dskola"."public"."raw_payments__dbt_tmp"
  
  
    as
  
  (
    select
    payment_id,
    order_id,
    payment_amount,
    payment_method
from
    "db_dskola"."public"."payments"
  );
  
[0m21:18:41.062415 [debug] [Thread-1 (]: SQL status: SELECT 2 in 0.0 seconds
[0m21:18:41.063502 [debug] [Thread-1 (]: Using postgres connection "model.dbt_dskola_project.raw_payments"
[0m21:18:41.063637 [debug] [Thread-1 (]: On model.dbt_dskola_project.raw_payments: /* {"app": "dbt", "dbt_version": "1.8.1", "profile_name": "dbt_dskola_project", "target_name": "dev", "node_id": "model.dbt_dskola_project.raw_payments"} */
alter table "db_dskola"."public"."raw_payments__dbt_tmp" rename to "raw_payments"
[0m21:18:41.064741 [debug] [Thread-1 (]: SQL status: ALTER TABLE in 0.0 seconds
[0m21:18:41.065255 [debug] [Thread-1 (]: On model.dbt_dskola_project.raw_payments: COMMIT
[0m21:18:41.065369 [debug] [Thread-1 (]: Using postgres connection "model.dbt_dskola_project.raw_payments"
[0m21:18:41.065473 [debug] [Thread-1 (]: On model.dbt_dskola_project.raw_payments: COMMIT
[0m21:18:41.066614 [debug] [Thread-1 (]: SQL status: COMMIT in 0.0 seconds
[0m21:18:41.067416 [debug] [Thread-1 (]: Applying DROP to: "db_dskola"."public"."raw_payments__dbt_backup"
[0m21:18:41.067658 [debug] [Thread-1 (]: Using postgres connection "model.dbt_dskola_project.raw_payments"
[0m21:18:41.067790 [debug] [Thread-1 (]: On model.dbt_dskola_project.raw_payments: /* {"app": "dbt", "dbt_version": "1.8.1", "profile_name": "dbt_dskola_project", "target_name": "dev", "node_id": "model.dbt_dskola_project.raw_payments"} */
drop table if exists "db_dskola"."public"."raw_payments__dbt_backup" cascade
[0m21:18:41.068242 [debug] [Thread-1 (]: SQL status: DROP TABLE in 0.0 seconds
[0m21:18:41.068661 [debug] [Thread-1 (]: On model.dbt_dskola_project.raw_payments: Close
[0m21:18:41.068837 [debug] [Thread-1 (]: Sending event: {'category': 'dbt', 'action': 'run_model', 'label': '3f8b1fb8-061f-4180-8af3-2cd734a323f8', 'context': [<snowplow_tracker.self_describing_json.SelfDescribingJson object at 0x1076da090>]}
[0m21:18:41.069037 [info ] [Thread-1 (]: 3 of 5 OK created sql table model public.raw_payments .......................... [[32mSELECT 2[0m in 0.02s]
[0m21:18:41.069236 [debug] [Thread-1 (]: Finished running node model.dbt_dskola_project.raw_payments
[0m21:18:41.069380 [debug] [Thread-1 (]: Began running node model.dbt_dskola_project.raw_products
[0m21:18:41.069569 [info ] [Thread-1 (]: 4 of 5 START sql table model public.raw_products ............................... [RUN]
[0m21:18:41.069735 [debug] [Thread-1 (]: Re-using an available connection from the pool (formerly model.dbt_dskola_project.raw_payments, now model.dbt_dskola_project.raw_products)
[0m21:18:41.069855 [debug] [Thread-1 (]: Began compiling node model.dbt_dskola_project.raw_products
[0m21:18:41.070839 [debug] [Thread-1 (]: Writing injected SQL for node "model.dbt_dskola_project.raw_products"
[0m21:18:41.071233 [debug] [Thread-1 (]: Began executing node model.dbt_dskola_project.raw_products
[0m21:18:41.072973 [debug] [Thread-1 (]: Writing runtime sql for node "model.dbt_dskola_project.raw_products"
[0m21:18:41.073434 [debug] [Thread-1 (]: Using postgres connection "model.dbt_dskola_project.raw_products"
[0m21:18:41.073551 [debug] [Thread-1 (]: On model.dbt_dskola_project.raw_products: BEGIN
[0m21:18:41.073656 [debug] [Thread-1 (]: Opening a new connection, currently in state closed
[0m21:18:41.081381 [debug] [Thread-1 (]: SQL status: BEGIN in 0.0 seconds
[0m21:18:41.081577 [debug] [Thread-1 (]: Using postgres connection "model.dbt_dskola_project.raw_products"
[0m21:18:41.081701 [debug] [Thread-1 (]: On model.dbt_dskola_project.raw_products: /* {"app": "dbt", "dbt_version": "1.8.1", "profile_name": "dbt_dskola_project", "target_name": "dev", "node_id": "model.dbt_dskola_project.raw_products"} */

  
    

  create  table "db_dskola"."public"."raw_products__dbt_tmp"
  
  
    as
  
  (
    select
    product_id,
    product_name,
    category
from
    "db_dskola"."public"."products"
  );
  
[0m21:18:41.085058 [debug] [Thread-1 (]: SQL status: SELECT 2 in 0.0 seconds
[0m21:18:41.086120 [debug] [Thread-1 (]: Using postgres connection "model.dbt_dskola_project.raw_products"
[0m21:18:41.086246 [debug] [Thread-1 (]: On model.dbt_dskola_project.raw_products: /* {"app": "dbt", "dbt_version": "1.8.1", "profile_name": "dbt_dskola_project", "target_name": "dev", "node_id": "model.dbt_dskola_project.raw_products"} */
alter table "db_dskola"."public"."raw_products__dbt_tmp" rename to "raw_products"
[0m21:18:41.087289 [debug] [Thread-1 (]: SQL status: ALTER TABLE in 0.0 seconds
[0m21:18:41.087824 [debug] [Thread-1 (]: On model.dbt_dskola_project.raw_products: COMMIT
[0m21:18:41.087936 [debug] [Thread-1 (]: Using postgres connection "model.dbt_dskola_project.raw_products"
[0m21:18:41.088044 [debug] [Thread-1 (]: On model.dbt_dskola_project.raw_products: COMMIT
[0m21:18:41.089577 [debug] [Thread-1 (]: SQL status: COMMIT in 0.0 seconds
[0m21:18:41.090298 [debug] [Thread-1 (]: Applying DROP to: "db_dskola"."public"."raw_products__dbt_backup"
[0m21:18:41.090518 [debug] [Thread-1 (]: Using postgres connection "model.dbt_dskola_project.raw_products"
[0m21:18:41.090632 [debug] [Thread-1 (]: On model.dbt_dskola_project.raw_products: /* {"app": "dbt", "dbt_version": "1.8.1", "profile_name": "dbt_dskola_project", "target_name": "dev", "node_id": "model.dbt_dskola_project.raw_products"} */
drop table if exists "db_dskola"."public"."raw_products__dbt_backup" cascade
[0m21:18:41.091178 [debug] [Thread-1 (]: SQL status: DROP TABLE in 0.0 seconds
[0m21:18:41.091619 [debug] [Thread-1 (]: On model.dbt_dskola_project.raw_products: Close
[0m21:18:41.091817 [debug] [Thread-1 (]: Sending event: {'category': 'dbt', 'action': 'run_model', 'label': '3f8b1fb8-061f-4180-8af3-2cd734a323f8', 'context': [<snowplow_tracker.self_describing_json.SelfDescribingJson object at 0x10770e870>]}
[0m21:18:41.092020 [info ] [Thread-1 (]: 4 of 5 OK created sql table model public.raw_products .......................... [[32mSELECT 2[0m in 0.02s]
[0m21:18:41.092234 [debug] [Thread-1 (]: Finished running node model.dbt_dskola_project.raw_products
[0m21:18:41.092527 [debug] [Thread-1 (]: Began running node model.dbt_dskola_project.orders_detail
[0m21:18:41.092709 [info ] [Thread-1 (]: 5 of 5 START sql table model public.orders_detail .............................. [RUN]
[0m21:18:41.092859 [debug] [Thread-1 (]: Re-using an available connection from the pool (formerly model.dbt_dskola_project.raw_products, now model.dbt_dskola_project.orders_detail)
[0m21:18:41.092977 [debug] [Thread-1 (]: Began compiling node model.dbt_dskola_project.orders_detail
[0m21:18:41.094165 [debug] [Thread-1 (]: Writing injected SQL for node "model.dbt_dskola_project.orders_detail"
[0m21:18:41.094658 [debug] [Thread-1 (]: Began executing node model.dbt_dskola_project.orders_detail
[0m21:18:41.095719 [debug] [Thread-1 (]: Writing runtime sql for node "model.dbt_dskola_project.orders_detail"
[0m21:18:41.096099 [debug] [Thread-1 (]: Using postgres connection "model.dbt_dskola_project.orders_detail"
[0m21:18:41.096212 [debug] [Thread-1 (]: On model.dbt_dskola_project.orders_detail: BEGIN
[0m21:18:41.096324 [debug] [Thread-1 (]: Opening a new connection, currently in state closed
[0m21:18:41.104740 [debug] [Thread-1 (]: SQL status: BEGIN in 0.0 seconds
[0m21:18:41.104909 [debug] [Thread-1 (]: Using postgres connection "model.dbt_dskola_project.orders_detail"
[0m21:18:41.105055 [debug] [Thread-1 (]: On model.dbt_dskola_project.orders_detail: /* {"app": "dbt", "dbt_version": "1.8.1", "profile_name": "dbt_dskola_project", "target_name": "dev", "node_id": "model.dbt_dskola_project.orders_detail"} */

  
    

  create  table "db_dskola"."public"."orders_detail__dbt_tmp"
  
  
    as
  
  (
    with raw_orders as (
    select * from "db_dskola"."public"."raw_orders"
),

raw_customers as (
    select * from "db_dskola"."public"."raw_customers"
),

raw_products as (
    select * from "db_dskola"."public"."raw_products"
),

raw_payments as (
    select * from "db_dskola"."public"."raw_payments"
)

select
    o.order_id,
    o.order_date,
    c.customer_name,
    c.customer_email,
    p.product_name,
    p.category,
    o.order_amount,
    py.payment_amount,
    py.payment_method
from
    raw_orders o
join
    raw_customers c on o.customer_id = c.customer_id
join
    raw_products p on o.product_id = p.product_id
join
    raw_payments py on o.order_id = py.order_id
  );
  
[0m21:18:41.123572 [debug] [Thread-1 (]: SQL status: SELECT 2 in 0.0 seconds
[0m21:18:41.124835 [debug] [Thread-1 (]: Using postgres connection "model.dbt_dskola_project.orders_detail"
[0m21:18:41.124975 [debug] [Thread-1 (]: On model.dbt_dskola_project.orders_detail: /* {"app": "dbt", "dbt_version": "1.8.1", "profile_name": "dbt_dskola_project", "target_name": "dev", "node_id": "model.dbt_dskola_project.orders_detail"} */
alter table "db_dskola"."public"."orders_detail__dbt_tmp" rename to "orders_detail"
[0m21:18:41.125380 [debug] [Thread-1 (]: SQL status: ALTER TABLE in 0.0 seconds
[0m21:18:41.125933 [debug] [Thread-1 (]: On model.dbt_dskola_project.orders_detail: COMMIT
[0m21:18:41.126058 [debug] [Thread-1 (]: Using postgres connection "model.dbt_dskola_project.orders_detail"
[0m21:18:41.126174 [debug] [Thread-1 (]: On model.dbt_dskola_project.orders_detail: COMMIT
[0m21:18:41.126659 [debug] [Thread-1 (]: SQL status: COMMIT in 0.0 seconds
[0m21:18:41.127418 [debug] [Thread-1 (]: Applying DROP to: "db_dskola"."public"."orders_detail__dbt_backup"
[0m21:18:41.127695 [debug] [Thread-1 (]: Using postgres connection "model.dbt_dskola_project.orders_detail"
[0m21:18:41.127819 [debug] [Thread-1 (]: On model.dbt_dskola_project.orders_detail: /* {"app": "dbt", "dbt_version": "1.8.1", "profile_name": "dbt_dskola_project", "target_name": "dev", "node_id": "model.dbt_dskola_project.orders_detail"} */
drop table if exists "db_dskola"."public"."orders_detail__dbt_backup" cascade
[0m21:18:41.128157 [debug] [Thread-1 (]: SQL status: DROP TABLE in 0.0 seconds
[0m21:18:41.128725 [debug] [Thread-1 (]: On model.dbt_dskola_project.orders_detail: Close
[0m21:18:41.128950 [debug] [Thread-1 (]: Sending event: {'category': 'dbt', 'action': 'run_model', 'label': '3f8b1fb8-061f-4180-8af3-2cd734a323f8', 'context': [<snowplow_tracker.self_describing_json.SelfDescribingJson object at 0x1076c6810>]}
[0m21:18:41.129190 [info ] [Thread-1 (]: 5 of 5 OK created sql table model public.orders_detail ......................... [[32mSELECT 2[0m in 0.04s]
[0m21:18:41.129414 [debug] [Thread-1 (]: Finished running node model.dbt_dskola_project.orders_detail
[0m21:18:41.129911 [debug] [MainThread]: Using postgres connection "master"
[0m21:18:41.130026 [debug] [MainThread]: On master: BEGIN
[0m21:18:41.130124 [debug] [MainThread]: Opening a new connection, currently in state closed
[0m21:18:41.136481 [debug] [MainThread]: SQL status: BEGIN in 0.0 seconds
[0m21:18:41.136651 [debug] [MainThread]: On master: COMMIT
[0m21:18:41.136771 [debug] [MainThread]: Using postgres connection "master"
[0m21:18:41.136880 [debug] [MainThread]: On master: COMMIT
[0m21:18:41.137162 [debug] [MainThread]: SQL status: COMMIT in 0.0 seconds
[0m21:18:41.137288 [debug] [MainThread]: On master: Close
[0m21:18:41.137457 [debug] [MainThread]: Connection 'master' was properly closed.
[0m21:18:41.137559 [debug] [MainThread]: Connection 'model.dbt_dskola_project.orders_detail' was properly closed.
[0m21:18:41.137705 [info ] [MainThread]: 
[0m21:18:41.137835 [info ] [MainThread]: Finished running 5 table models in 0 hours 0 minutes and 0.34 seconds (0.34s).
[0m21:18:41.138256 [debug] [MainThread]: Command end result
[0m21:18:41.149915 [info ] [MainThread]: 
[0m21:18:41.150119 [info ] [MainThread]: [32mCompleted successfully[0m
[0m21:18:41.150239 [info ] [MainThread]: 
[0m21:18:41.150359 [info ] [MainThread]: Done. PASS=5 WARN=0 ERROR=0 SKIP=0 TOTAL=5
[0m21:18:41.152043 [debug] [MainThread]: Resource report: {"command_name": "run", "command_success": true, "command_wall_clock_time": 0.65728945, "process_user_time": 0.712555, "process_kernel_time": 0.165521, "process_mem_max_rss": "113295360", "process_in_blocks": "0", "process_out_blocks": "0"}
[0m21:18:41.152306 [debug] [MainThread]: Command `dbt run` succeeded at 21:18:41.152273 after 0.66 seconds
[0m21:18:41.152464 [debug] [MainThread]: Sending event: {'category': 'dbt', 'action': 'invocation', 'label': 'end', 'context': [<snowplow_tracker.self_describing_json.SelfDescribingJson object at 0x1063794f0>, <snowplow_tracker.self_describing_json.SelfDescribingJson object at 0x106ce4680>, <snowplow_tracker.self_describing_json.SelfDescribingJson object at 0x107252270>]}
[0m21:18:41.152602 [debug] [MainThread]: Flushing usage events
[0m21:19:39.785150 [debug] [MainThread]: Sending event: {'category': 'dbt', 'action': 'invocation', 'label': 'start', 'context': [<snowplow_tracker.self_describing_json.SelfDescribingJson object at 0x107f9bbc0>, <snowplow_tracker.self_describing_json.SelfDescribingJson object at 0x1094c5fa0>, <snowplow_tracker.self_describing_json.SelfDescribingJson object at 0x1094c5d00>]}


============================== 21:19:39.787790 | 1bfc4d16-7a0a-4a4b-beff-9b2c9120890c ==============================
[0m21:19:39.787790 [info ] [MainThread]: Running with dbt=1.8.1
[0m21:19:39.788060 [debug] [MainThread]: running dbt with arguments {'printer_width': '80', 'indirect_selection': 'eager', 'log_cache_events': 'False', 'write_json': 'True', 'partial_parse': 'True', 'cache_selected_only': 'False', 'profiles_dir': './', 'debug': 'False', 'fail_fast': 'False', 'log_path': 'dbt_dskola_project/logs', 'warn_error': 'None', 'version_check': 'True', 'use_colors': 'True', 'use_experimental_parser': 'False', 'no_print': 'None', 'quiet': 'False', 'log_format': 'default', 'invocation_command': 'dbt docs generate --profiles-dir ./ --project-dir dbt_dskola_project', 'warn_error_options': 'WarnErrorOptions(include=[], exclude=[])', 'static_parser': 'True', 'target_path': 'None', 'introspect': 'True', 'send_anonymous_usage_stats': 'True'}
[0m21:19:39.844882 [warn ] [MainThread]: [[33mWARNING[0m]: Deprecated functionality
The `source-paths` config has been renamed to `model-paths`. Please update your
`dbt_project.yml` configuration to reflect this change.
[0m21:19:39.845126 [debug] [MainThread]: Sending event: {'category': 'dbt', 'action': 'deprecation', 'label': '1bfc4d16-7a0a-4a4b-beff-9b2c9120890c', 'property_': 'warn', 'context': [<snowplow_tracker.self_describing_json.SelfDescribingJson object at 0x106ab0a40>]}
[0m21:19:39.845315 [warn ] [MainThread]: [[33mWARNING[0m]: Deprecated functionality
The `data-paths` config has been renamed to `seed-paths`. Please update your
`dbt_project.yml` configuration to reflect this change.
[0m21:19:39.845440 [debug] [MainThread]: Sending event: {'category': 'dbt', 'action': 'deprecation', 'label': '1bfc4d16-7a0a-4a4b-beff-9b2c9120890c', 'property_': 'warn', 'context': [<snowplow_tracker.self_describing_json.SelfDescribingJson object at 0x106ab0a40>]}
[0m21:19:39.888887 [debug] [MainThread]: Sending event: {'category': 'dbt', 'action': 'project_id', 'label': '1bfc4d16-7a0a-4a4b-beff-9b2c9120890c', 'context': [<snowplow_tracker.self_describing_json.SelfDescribingJson object at 0x1095797f0>]}
[0m21:19:39.905515 [debug] [MainThread]: Sending event: {'category': 'dbt', 'action': 'adapter_info', 'label': '1bfc4d16-7a0a-4a4b-beff-9b2c9120890c', 'context': [<snowplow_tracker.self_describing_json.SelfDescribingJson object at 0x106f25eb0>]}
[0m21:19:39.906174 [info ] [MainThread]: Registered adapter: postgres=1.8.1
[0m21:19:39.915264 [debug] [MainThread]: checksum: ebc509fb14e151ea268e89b60fd5abf912ed99129f87516462718fa2f14f4838, vars: {}, profile: , target: , version: 1.8.1
[0m21:19:39.987393 [debug] [MainThread]: Partial parsing enabled: 0 files deleted, 0 files added, 0 files changed.
[0m21:19:39.987577 [debug] [MainThread]: Partial parsing enabled, no changes found, skipping parsing
[0m21:19:39.989408 [warn ] [MainThread]: [[33mWARNING[0m]: Configuration paths exist in your dbt_project.yml file which do not apply to any resources.
There are 2 unused configuration paths:
- seeds.dbt_dskola_project
- snapshots.dbt_dskola_project
[0m21:19:39.999055 [debug] [MainThread]: Sending event: {'category': 'dbt', 'action': 'load_project', 'label': '1bfc4d16-7a0a-4a4b-beff-9b2c9120890c', 'context': [<snowplow_tracker.self_describing_json.SelfDescribingJson object at 0x109995820>]}
[0m21:19:40.021173 [debug] [MainThread]: Sending event: {'category': 'dbt', 'action': 'resource_counts', 'label': '1bfc4d16-7a0a-4a4b-beff-9b2c9120890c', 'context': [<snowplow_tracker.self_describing_json.SelfDescribingJson object at 0x109fd94c0>]}
[0m21:19:40.021419 [info ] [MainThread]: Found 5 models, 4 sources, 413 macros
[0m21:19:40.021566 [debug] [MainThread]: Sending event: {'category': 'dbt', 'action': 'runnable_timing', 'label': '1bfc4d16-7a0a-4a4b-beff-9b2c9120890c', 'context': [<snowplow_tracker.self_describing_json.SelfDescribingJson object at 0x1094f0aa0>]}
[0m21:19:40.022338 [info ] [MainThread]: 
[0m21:19:40.022573 [debug] [MainThread]: Acquiring new postgres connection 'master'
[0m21:19:40.024007 [debug] [ThreadPool]: Acquiring new postgres connection 'list_db_dskola_public'
[0m21:19:40.086572 [debug] [ThreadPool]: Using postgres connection "list_db_dskola_public"
[0m21:19:40.086754 [debug] [ThreadPool]: On list_db_dskola_public: BEGIN
[0m21:19:40.086859 [debug] [ThreadPool]: Opening a new connection, currently in state init
[0m21:19:40.176589 [debug] [ThreadPool]: SQL status: BEGIN in 0.0 seconds
[0m21:19:40.176832 [debug] [ThreadPool]: Using postgres connection "list_db_dskola_public"
[0m21:19:40.176980 [debug] [ThreadPool]: On list_db_dskola_public: /* {"app": "dbt", "dbt_version": "1.8.1", "profile_name": "dbt_dskola_project", "target_name": "dev", "connection_name": "list_db_dskola_public"} */
select
      'db_dskola' as database,
      tablename as name,
      schemaname as schema,
      'table' as type
    from pg_tables
    where schemaname ilike 'public'
    union all
    select
      'db_dskola' as database,
      viewname as name,
      schemaname as schema,
      'view' as type
    from pg_views
    where schemaname ilike 'public'
    union all
    select
      'db_dskola' as database,
      matviewname as name,
      schemaname as schema,
      'materialized_view' as type
    from pg_matviews
    where schemaname ilike 'public'
  
[0m21:19:40.180575 [debug] [ThreadPool]: SQL status: SELECT 9 in 0.0 seconds
[0m21:19:40.181399 [debug] [ThreadPool]: On list_db_dskola_public: ROLLBACK
[0m21:19:40.181791 [debug] [ThreadPool]: On list_db_dskola_public: Close
[0m21:19:40.184736 [debug] [MainThread]: Using postgres connection "master"
[0m21:19:40.184920 [debug] [MainThread]: On master: BEGIN
[0m21:19:40.185027 [debug] [MainThread]: Opening a new connection, currently in state init
[0m21:19:40.190307 [debug] [MainThread]: SQL status: BEGIN in 0.0 seconds
[0m21:19:40.190447 [debug] [MainThread]: Using postgres connection "master"
[0m21:19:40.190607 [debug] [MainThread]: On master: /* {"app": "dbt", "dbt_version": "1.8.1", "profile_name": "dbt_dskola_project", "target_name": "dev", "connection_name": "master"} */
with relation as (
        select
            pg_rewrite.ev_class as class,
            pg_rewrite.oid as id
        from pg_rewrite
    ),
    class as (
        select
            oid as id,
            relname as name,
            relnamespace as schema,
            relkind as kind
        from pg_class
    ),
    dependency as (
        select distinct
            pg_depend.objid as id,
            pg_depend.refobjid as ref
        from pg_depend
    ),
    schema as (
        select
            pg_namespace.oid as id,
            pg_namespace.nspname as name
        from pg_namespace
        where nspname != 'information_schema' and nspname not like 'pg\_%'
    ),
    referenced as (
        select
            relation.id AS id,
            referenced_class.name ,
            referenced_class.schema ,
            referenced_class.kind
        from relation
        join class as referenced_class on relation.class=referenced_class.id
        where referenced_class.kind in ('r', 'v', 'm')
    ),
    relationships as (
        select
            referenced.name as referenced_name,
            referenced.schema as referenced_schema_id,
            dependent_class.name as dependent_name,
            dependent_class.schema as dependent_schema_id,
            referenced.kind as kind
        from referenced
        join dependency on referenced.id=dependency.id
        join class as dependent_class on dependency.ref=dependent_class.id
        where
            (referenced.name != dependent_class.name or
             referenced.schema != dependent_class.schema)
    )

    select
        referenced_schema.name as referenced_schema,
        relationships.referenced_name as referenced_name,
        dependent_schema.name as dependent_schema,
        relationships.dependent_name as dependent_name
    from relationships
    join schema as dependent_schema on relationships.dependent_schema_id=dependent_schema.id
    join schema as referenced_schema on relationships.referenced_schema_id=referenced_schema.id
    group by referenced_schema, referenced_name, dependent_schema, dependent_name
    order by referenced_schema, referenced_name, dependent_schema, dependent_name;
[0m21:19:40.194323 [debug] [MainThread]: SQL status: SELECT 0 in 0.0 seconds
[0m21:19:40.194795 [debug] [MainThread]: Sending event: {'category': 'dbt', 'action': 'runnable_timing', 'label': '1bfc4d16-7a0a-4a4b-beff-9b2c9120890c', 'context': [<snowplow_tracker.self_describing_json.SelfDescribingJson object at 0x1095d5010>]}
[0m21:19:40.194965 [debug] [MainThread]: On master: ROLLBACK
[0m21:19:40.195190 [debug] [MainThread]: On master: Close
[0m21:19:40.195378 [info ] [MainThread]: Concurrency: 1 threads (target='dev')
[0m21:19:40.195504 [info ] [MainThread]: 
[0m21:19:40.196735 [debug] [Thread-1 (]: Began running node model.dbt_dskola_project.raw_customers
[0m21:19:40.196904 [debug] [Thread-1 (]: Re-using an available connection from the pool (formerly list_db_dskola_public, now model.dbt_dskola_project.raw_customers)
[0m21:19:40.197039 [debug] [Thread-1 (]: Began compiling node model.dbt_dskola_project.raw_customers
[0m21:19:40.200060 [debug] [Thread-1 (]: Writing injected SQL for node "model.dbt_dskola_project.raw_customers"
[0m21:19:40.200656 [debug] [Thread-1 (]: Began executing node model.dbt_dskola_project.raw_customers
[0m21:19:40.200922 [debug] [Thread-1 (]: Finished running node model.dbt_dskola_project.raw_customers
[0m21:19:40.201071 [debug] [Thread-1 (]: Began running node model.dbt_dskola_project.raw_orders
[0m21:19:40.201263 [debug] [Thread-1 (]: Re-using an available connection from the pool (formerly model.dbt_dskola_project.raw_customers, now model.dbt_dskola_project.raw_orders)
[0m21:19:40.201417 [debug] [Thread-1 (]: Began compiling node model.dbt_dskola_project.raw_orders
[0m21:19:40.203247 [debug] [Thread-1 (]: Writing injected SQL for node "model.dbt_dskola_project.raw_orders"
[0m21:19:40.203891 [debug] [Thread-1 (]: Began executing node model.dbt_dskola_project.raw_orders
[0m21:19:40.204158 [debug] [Thread-1 (]: Finished running node model.dbt_dskola_project.raw_orders
[0m21:19:40.204307 [debug] [Thread-1 (]: Began running node model.dbt_dskola_project.raw_payments
[0m21:19:40.204463 [debug] [Thread-1 (]: Re-using an available connection from the pool (formerly model.dbt_dskola_project.raw_orders, now model.dbt_dskola_project.raw_payments)
[0m21:19:40.204584 [debug] [Thread-1 (]: Began compiling node model.dbt_dskola_project.raw_payments
[0m21:19:40.205439 [debug] [Thread-1 (]: Writing injected SQL for node "model.dbt_dskola_project.raw_payments"
[0m21:19:40.205892 [debug] [Thread-1 (]: Began executing node model.dbt_dskola_project.raw_payments
[0m21:19:40.206112 [debug] [Thread-1 (]: Finished running node model.dbt_dskola_project.raw_payments
[0m21:19:40.206247 [debug] [Thread-1 (]: Began running node model.dbt_dskola_project.raw_products
[0m21:19:40.206383 [debug] [Thread-1 (]: Re-using an available connection from the pool (formerly model.dbt_dskola_project.raw_payments, now model.dbt_dskola_project.raw_products)
[0m21:19:40.206500 [debug] [Thread-1 (]: Began compiling node model.dbt_dskola_project.raw_products
[0m21:19:40.207328 [debug] [Thread-1 (]: Writing injected SQL for node "model.dbt_dskola_project.raw_products"
[0m21:19:40.207698 [debug] [Thread-1 (]: Began executing node model.dbt_dskola_project.raw_products
[0m21:19:40.207901 [debug] [Thread-1 (]: Finished running node model.dbt_dskola_project.raw_products
[0m21:19:40.208150 [debug] [Thread-1 (]: Began running node model.dbt_dskola_project.orders_detail
[0m21:19:40.208288 [debug] [Thread-1 (]: Re-using an available connection from the pool (formerly model.dbt_dskola_project.raw_products, now model.dbt_dskola_project.orders_detail)
[0m21:19:40.208406 [debug] [Thread-1 (]: Began compiling node model.dbt_dskola_project.orders_detail
[0m21:19:40.209499 [debug] [Thread-1 (]: Writing injected SQL for node "model.dbt_dskola_project.orders_detail"
[0m21:19:40.210002 [debug] [Thread-1 (]: Began executing node model.dbt_dskola_project.orders_detail
[0m21:19:40.210203 [debug] [Thread-1 (]: Finished running node model.dbt_dskola_project.orders_detail
[0m21:19:40.210507 [debug] [MainThread]: Connection 'master' was properly closed.
[0m21:19:40.210622 [debug] [MainThread]: Connection 'model.dbt_dskola_project.orders_detail' was properly closed.
[0m21:19:40.211008 [debug] [MainThread]: Command end result
[0m21:19:40.241086 [debug] [MainThread]: Acquiring new postgres connection 'generate_catalog'
[0m21:19:40.241237 [info ] [MainThread]: Building catalog
[0m21:19:40.244381 [debug] [ThreadPool]: Acquiring new postgres connection 'db_dskola.information_schema'
[0m21:19:40.246962 [debug] [ThreadPool]: Using postgres connection "db_dskola.information_schema"
[0m21:19:40.247080 [debug] [ThreadPool]: On db_dskola.information_schema: BEGIN
[0m21:19:40.247172 [debug] [ThreadPool]: Opening a new connection, currently in state init
[0m21:19:40.254175 [debug] [ThreadPool]: SQL status: BEGIN in 0.0 seconds
[0m21:19:40.254341 [debug] [ThreadPool]: Using postgres connection "db_dskola.information_schema"
[0m21:19:40.254503 [debug] [ThreadPool]: On db_dskola.information_schema: /* {"app": "dbt", "dbt_version": "1.8.1", "profile_name": "dbt_dskola_project", "target_name": "dev", "connection_name": "db_dskola.information_schema"} */

    
    

    select
        'db_dskola' as table_database,
        sch.nspname as table_schema,
        tbl.relname as table_name,
        case tbl.relkind
            when 'v' then 'VIEW'
            when 'm' then 'MATERIALIZED VIEW'
            else 'BASE TABLE'
        end as table_type,
        tbl_desc.description as table_comment,
        col.attname as column_name,
        col.attnum as column_index,
        pg_catalog.format_type(col.atttypid, col.atttypmod) as column_type,
        col_desc.description as column_comment,
        pg_get_userbyid(tbl.relowner) as table_owner

    from pg_catalog.pg_namespace sch
    join pg_catalog.pg_class tbl on tbl.relnamespace = sch.oid
    join pg_catalog.pg_attribute col on col.attrelid = tbl.oid
    left outer join pg_catalog.pg_description tbl_desc on (tbl_desc.objoid = tbl.oid and tbl_desc.objsubid = 0)
    left outer join pg_catalog.pg_description col_desc on (col_desc.objoid = tbl.oid and col_desc.objsubid = col.attnum)
    where ((upper(sch.nspname) = upper('public') and
           upper(tbl.relname) = upper('raw_customers')) or (upper(sch.nspname) = upper('public') and
           upper(tbl.relname) = upper('raw_products')) or (upper(sch.nspname) = upper('public') and
           upper(tbl.relname) = upper('payments')) or (upper(sch.nspname) = upper('public') and
           upper(tbl.relname) = upper('orders_detail')) or (upper(sch.nspname) = upper('public') and
           upper(tbl.relname) = upper('orders')) or (upper(sch.nspname) = upper('public') and
           upper(tbl.relname) = upper('raw_orders')) or (upper(sch.nspname) = upper('public') and
           upper(tbl.relname) = upper('customers')) or (upper(sch.nspname) = upper('public') and
           upper(tbl.relname) = upper('products')) or (upper(sch.nspname) = upper('public') and
           upper(tbl.relname) = upper('raw_payments')))
      and not pg_is_other_temp_schema(sch.oid) -- not a temporary schema belonging to another session
      and tbl.relpersistence in ('p', 'u') -- [p]ermanent table or [u]nlogged table. Exclude [t]emporary tables
      and tbl.relkind in ('r', 'v', 'f', 'p', 'm') -- o[r]dinary table, [v]iew, [f]oreign table, [p]artitioned table, [m]aterialized view. Other values are [i]ndex, [S]equence, [c]omposite type, [t]OAST table
      and col.attnum > 0 -- negative numbers are used for system columns such as oid
      and not col.attisdropped -- column as not been dropped

    order by
        sch.nspname,
        tbl.relname,
        col.attnum
[0m21:19:40.263276 [debug] [ThreadPool]: SQL status: SELECT 43 in 0.0 seconds
[0m21:19:40.265206 [debug] [ThreadPool]: On db_dskola.information_schema: ROLLBACK
[0m21:19:40.265804 [debug] [ThreadPool]: On db_dskola.information_schema: Close
[0m21:19:40.278291 [info ] [MainThread]: Catalog written to /Users/lip13farhanpratama/digital-skola/learn-dbt/dbt_dskola_project/target/catalog.json
[0m21:19:40.280523 [debug] [MainThread]: Resource report: {"command_name": "generate", "command_success": true, "command_wall_clock_time": 0.5268399, "process_user_time": 0.654825, "process_kernel_time": 0.169363, "process_mem_max_rss": "116178944", "process_in_blocks": "0", "process_out_blocks": "0"}
[0m21:19:40.280767 [debug] [MainThread]: Command `dbt docs generate` succeeded at 21:19:40.280736 after 0.53 seconds
[0m21:19:40.280882 [debug] [MainThread]: Connection 'generate_catalog' was properly closed.
[0m21:19:40.280967 [debug] [MainThread]: Connection 'db_dskola.information_schema' was properly closed.
[0m21:19:40.281074 [debug] [MainThread]: Sending event: {'category': 'dbt', 'action': 'invocation', 'label': 'end', 'context': [<snowplow_tracker.self_describing_json.SelfDescribingJson object at 0x1080373b0>, <snowplow_tracker.self_describing_json.SelfDescribingJson object at 0x108b5ae70>, <snowplow_tracker.self_describing_json.SelfDescribingJson object at 0x108af7830>]}
[0m21:19:40.281191 [debug] [MainThread]: Flushing usage events
[0m21:19:56.322720 [debug] [MainThread]: Sending event: {'category': 'dbt', 'action': 'invocation', 'label': 'start', 'context': [<snowplow_tracker.self_describing_json.SelfDescribingJson object at 0x103836030>, <snowplow_tracker.self_describing_json.SelfDescribingJson object at 0x104c05c70>, <snowplow_tracker.self_describing_json.SelfDescribingJson object at 0x104c058b0>]}


============================== 21:19:56.325040 | 719f446f-b756-45da-9542-24859415dc96 ==============================
[0m21:19:56.325040 [info ] [MainThread]: Running with dbt=1.8.1
[0m21:19:56.325298 [debug] [MainThread]: running dbt with arguments {'printer_width': '80', 'indirect_selection': 'eager', 'log_cache_events': 'False', 'write_json': 'True', 'partial_parse': 'True', 'cache_selected_only': 'False', 'profiles_dir': './', 'version_check': 'True', 'warn_error': 'None', 'log_path': 'dbt_dskola_project/logs', 'fail_fast': 'False', 'debug': 'False', 'use_colors': 'True', 'use_experimental_parser': 'False', 'no_print': 'None', 'quiet': 'False', 'log_format': 'default', 'static_parser': 'True', 'introspect': 'True', 'invocation_command': 'dbt docs serve --profiles-dir ./ --project-dir dbt_dskola_project', 'target_path': 'None', 'warn_error_options': 'WarnErrorOptions(include=[], exclude=[])', 'send_anonymous_usage_stats': 'True'}
[0m21:19:56.385588 [warn ] [MainThread]: [[33mWARNING[0m]: Deprecated functionality
The `source-paths` config has been renamed to `model-paths`. Please update your
`dbt_project.yml` configuration to reflect this change.
[0m21:19:56.385833 [debug] [MainThread]: Sending event: {'category': 'dbt', 'action': 'deprecation', 'label': '719f446f-b756-45da-9542-24859415dc96', 'property_': 'warn', 'context': [<snowplow_tracker.self_describing_json.SelfDescribingJson object at 0x104bdecf0>]}
[0m21:19:56.386009 [warn ] [MainThread]: [[33mWARNING[0m]: Deprecated functionality
The `data-paths` config has been renamed to `seed-paths`. Please update your
`dbt_project.yml` configuration to reflect this change.
[0m21:19:56.386131 [debug] [MainThread]: Sending event: {'category': 'dbt', 'action': 'deprecation', 'label': '719f446f-b756-45da-9542-24859415dc96', 'property_': 'warn', 'context': [<snowplow_tracker.self_describing_json.SelfDescribingJson object at 0x104bdecf0>]}
[0m21:19:56.426703 [debug] [MainThread]: Sending event: {'category': 'dbt', 'action': 'project_id', 'label': '719f446f-b756-45da-9542-24859415dc96', 'context': [<snowplow_tracker.self_describing_json.SelfDescribingJson object at 0x104d11490>]}
[0m21:19:56.443759 [debug] [MainThread]: Sending event: {'category': 'dbt', 'action': 'adapter_info', 'label': '719f446f-b756-45da-9542-24859415dc96', 'context': [<snowplow_tracker.self_describing_json.SelfDescribingJson object at 0x104cbaa50>]}
[0m22:01:45.961806 [error] [MainThread]: Encountered an error:

[0m22:01:46.002069 [error] [MainThread]: Traceback (most recent call last):
  File "/Users/lip13farhanpratama/venv_dskola/lib/python3.12/site-packages/dbt/cli/requires.py", line 138, in wrapper
    result, success = func(*args, **kwargs)
                      ^^^^^^^^^^^^^^^^^^^^^
  File "/Users/lip13farhanpratama/venv_dskola/lib/python3.12/site-packages/dbt/cli/requires.py", line 101, in wrapper
    return func(*args, **kwargs)
           ^^^^^^^^^^^^^^^^^^^^^
  File "/Users/lip13farhanpratama/venv_dskola/lib/python3.12/site-packages/dbt/cli/requires.py", line 218, in wrapper
    return func(*args, **kwargs)
           ^^^^^^^^^^^^^^^^^^^^^
  File "/Users/lip13farhanpratama/venv_dskola/lib/python3.12/site-packages/dbt/cli/requires.py", line 247, in wrapper
    return func(*args, **kwargs)
           ^^^^^^^^^^^^^^^^^^^^^
  File "/Users/lip13farhanpratama/venv_dskola/lib/python3.12/site-packages/dbt/cli/requires.py", line 294, in wrapper
    return func(*args, **kwargs)
           ^^^^^^^^^^^^^^^^^^^^^
  File "/Users/lip13farhanpratama/venv_dskola/lib/python3.12/site-packages/dbt/cli/main.py", line 302, in docs_serve
    results = task.run()
              ^^^^^^^^^^
  File "/Users/lip13farhanpratama/venv_dskola/lib/python3.12/site-packages/dbt/task/docs/serve.py", line 28, in run
    httpd.serve_forever()
  File "/opt/homebrew/Cellar/python@3.12/3.12.3/Frameworks/Python.framework/Versions/3.12/lib/python3.12/socketserver.py", line 235, in serve_forever
    ready = selector.select(poll_interval)
            ^^^^^^^^^^^^^^^^^^^^^^^^^^^^^^
  File "/opt/homebrew/Cellar/python@3.12/3.12.3/Frameworks/Python.framework/Versions/3.12/lib/python3.12/selectors.py", line 415, in select
    fd_event_list = self._selector.poll(timeout)
                    ^^^^^^^^^^^^^^^^^^^^^^^^^^^^
KeyboardInterrupt

[0m22:01:46.019569 [debug] [MainThread]: Resource report: {"command_name": "serve", "command_wall_clock_time": 1517.0239, "process_user_time": 0.646093, "process_kernel_time": 0.224054, "process_mem_max_rss": "98025472", "command_success": false, "process_in_blocks": "0", "process_out_blocks": "0"}
[0m22:01:46.022421 [debug] [MainThread]: Command `dbt docs serve` failed at 22:01:46.021844 after 1517.03 seconds
[0m22:01:46.024678 [debug] [MainThread]: Sending event: {'category': 'dbt', 'action': 'invocation', 'label': 'end', 'context': [<snowplow_tracker.self_describing_json.SelfDescribingJson object at 0x104bdf140>, <snowplow_tracker.self_describing_json.SelfDescribingJson object at 0x104d10ef0>, <snowplow_tracker.self_describing_json.SelfDescribingJson object at 0x104c07fb0>]}
[0m22:01:46.026214 [debug] [MainThread]: Flushing usage events
